[2025-10-15 18:12:43] local.ERROR: Please provide a valid cache path. {"exception":"[object] (InvalidArgumentException(code: 0): Please provide a valid cache path. at C:\\Users\\sebas\\OneDrive\\Escritorio\\Personal\\definitivo\\Carhub\\Carhub-backend\\vendor\\laravel\\framework\\src\\Illuminate\\View\\Compilers\\Compiler.php:75)
[stacktrace]
#0 C:\\Users\\sebas\\OneDrive\\Escritorio\\Personal\\definitivo\\Carhub\\Carhub-backend\\vendor\\laravel\\framework\\src\\Illuminate\\View\\ViewServiceProvider.php(97): Illuminate\\View\\Compilers\\Compiler->__construct(Object(Illuminate\\Filesystem\\Filesystem), false, '', true, 'php', true)
#1 C:\\Users\\sebas\\OneDrive\\Escritorio\\Personal\\definitivo\\Carhub\\Carhub-backend\\vendor\\laravel\\framework\\src\\Illuminate\\Container\\Container.php(1154): Illuminate\\View\\ViewServiceProvider->Illuminate\\View\\{closure}(Object(Illuminate\\Foundation\\Application), Array)
#2 C:\\Users\\sebas\\OneDrive\\Escritorio\\Personal\\definitivo\\Carhub\\Carhub-backend\\vendor\\laravel\\framework\\src\\Illuminate\\Container\\Container.php(972): Illuminate\\Container\\Container->build(Object(Closure))
#3 C:\\Users\\sebas\\OneDrive\\Escritorio\\Personal\\definitivo\\Carhub\\Carhub-backend\\vendor\\laravel\\framework\\src\\Illuminate\\Foundation\\Application.php(1078): Illuminate\\Container\\Container->resolve('blade.compiler', Array, true)
#4 C:\\Users\\sebas\\OneDrive\\Escritorio\\Personal\\definitivo\\Carhub\\Carhub-backend\\vendor\\laravel\\framework\\src\\Illuminate\\Container\\Container.php(903): Illuminate\\Foundation\\Application->resolve('blade.compiler', Array)
#5 C:\\Users\\sebas\\OneDrive\\Escritorio\\Personal\\definitivo\\Carhub\\Carhub-backend\\vendor\\laravel\\framework\\src\\Illuminate\\Foundation\\Application.php(1058): Illuminate\\Container\\Container->make('blade.compiler', Array)
#6 C:\\Users\\sebas\\OneDrive\\Escritorio\\Personal\\definitivo\\Carhub\\Carhub-backend\\vendor\\laravel\\framework\\src\\Illuminate\\View\\ViewServiceProvider.php(169): Illuminate\\Foundation\\Application->make('blade.compiler')
#7 [internal function]: Illuminate\\View\\ViewServiceProvider->Illuminate\\View\\{closure}()
#8 C:\\Users\\sebas\\OneDrive\\Escritorio\\Personal\\definitivo\\Carhub\\Carhub-backend\\vendor\\laravel\\framework\\src\\Illuminate\\View\\Engines\\EngineResolver.php(55): call_user_func(Object(Closure))
#9 C:\\Users\\sebas\\OneDrive\\Escritorio\\Personal\\definitivo\\Carhub\\Carhub-backend\\vendor\\laravel\\framework\\src\\Illuminate\\View\\Factory.php(325): Illuminate\\View\\Engines\\EngineResolver->resolve('blade')
#10 C:\\Users\\sebas\\OneDrive\\Escritorio\\Personal\\definitivo\\Carhub\\Carhub-backend\\vendor\\laravel\\framework\\src\\Illuminate\\View\\Factory.php(287): Illuminate\\View\\Factory->getEngineFromPath('C:\\\\Users\\\\sebas\\\\...')
#11 C:\\Users\\sebas\\OneDrive\\Escritorio\\Personal\\definitivo\\Carhub\\Carhub-backend\\vendor\\laravel\\framework\\src\\Illuminate\\View\\Factory.php(159): Illuminate\\View\\Factory->viewInstance('app', 'C:\\\\Users\\\\sebas\\\\...', Array)
#12 C:\\Users\\sebas\\OneDrive\\Escritorio\\Personal\\definitivo\\Carhub\\Carhub-backend\\vendor\\laravel\\framework\\src\\Illuminate\\Routing\\ResponseFactory.php(91): Illuminate\\View\\Factory->make('app', Array)
#13 C:\\Users\\sebas\\OneDrive\\Escritorio\\Personal\\definitivo\\Carhub\\Carhub-backend\\vendor\\laravel\\framework\\src\\Illuminate\\Support\\Facades\\Facade.php(363): Illuminate\\Routing\\ResponseFactory->view('app', Array)
#14 C:\\Users\\sebas\\OneDrive\\Escritorio\\Personal\\definitivo\\Carhub\\Carhub-backend\\vendor\\inertiajs\\inertia-laravel\\src\\Response.php(199): Illuminate\\Support\\Facades\\Facade::__callStatic('view', Array)
#15 C:\\Users\\sebas\\OneDrive\\Escritorio\\Personal\\definitivo\\Carhub\\Carhub-backend\\vendor\\laravel\\framework\\src\\Illuminate\\Routing\\Router.php(921): Inertia\\Response->toResponse(Object(Illuminate\\Http\\Request))
#16 C:\\Users\\sebas\\OneDrive\\Escritorio\\Personal\\definitivo\\Carhub\\Carhub-backend\\vendor\\laravel\\framework\\src\\Illuminate\\Routing\\Router.php(906): Illuminate\\Routing\\Router::toResponse(Object(Illuminate\\Http\\Request), Object(Inertia\\Response))
#17 C:\\Users\\sebas\\OneDrive\\Escritorio\\Personal\\definitivo\\Carhub\\Carhub-backend\\vendor\\laravel\\framework\\src\\Illuminate\\Routing\\Router.php(821): Illuminate\\Routing\\Router->prepareResponse(Object(Illuminate\\Http\\Request), Object(Inertia\\Response))
#18 C:\\Users\\sebas\\OneDrive\\Escritorio\\Personal\\definitivo\\Carhub\\Carhub-backend\\vendor\\laravel\\framework\\src\\Illuminate\\Pipeline\\Pipeline.php(180): Illuminate\\Routing\\Router->Illuminate\\Routing\\{closure}(Object(Illuminate\\Http\\Request))
#19 C:\\Users\\sebas\\OneDrive\\Escritorio\\Personal\\definitivo\\Carhub\\Carhub-backend\\vendor\\laravel\\framework\\src\\Illuminate\\Http\\Middleware\\AddLinkHeadersForPreloadedAssets.php(32): Illuminate\\Pipeline\\Pipeline->Illuminate\\Pipeline\\{closure}(Object(Illuminate\\Http\\Request))
#20 C:\\Users\\sebas\\OneDrive\\Escritorio\\Personal\\definitivo\\Carhub\\Carhub-backend\\vendor\\laravel\\framework\\src\\Illuminate\\Pipeline\\Pipeline.php(219): Illuminate\\Http\\Middleware\\AddLinkHeadersForPreloadedAssets->handle(Object(Illuminate\\Http\\Request), Object(Closure))
#21 C:\\Users\\sebas\\OneDrive\\Escritorio\\Personal\\definitivo\\Carhub\\Carhub-backend\\vendor\\inertiajs\\inertia-laravel\\src\\Middleware.php(96): Illuminate\\Pipeline\\Pipeline->Illuminate\\Pipeline\\{closure}(Object(Illuminate\\Http\\Request))
#22 C:\\Users\\sebas\\OneDrive\\Escritorio\\Personal\\definitivo\\Carhub\\Carhub-backend\\vendor\\laravel\\framework\\src\\Illuminate\\Pipeline\\Pipeline.php(219): Inertia\\Middleware->handle(Object(Illuminate\\Http\\Request), Object(Closure))
#23 C:\\Users\\sebas\\OneDrive\\Escritorio\\Personal\\definitivo\\Carhub\\Carhub-backend\\vendor\\laravel\\framework\\src\\Illuminate\\Routing\\Middleware\\SubstituteBindings.php(50): Illuminate\\Pipeline\\Pipeline->Illuminate\\Pipeline\\{closure}(Object(Illuminate\\Http\\Request))
#24 C:\\Users\\sebas\\OneDrive\\Escritorio\\Personal\\definitivo\\Carhub\\Carhub-backend\\vendor\\laravel\\framework\\src\\Illuminate\\Pipeline\\Pipeline.php(219): Illuminate\\Routing\\Middleware\\SubstituteBindings->handle(Object(Illuminate\\Http\\Request), Object(Closure))
#25 C:\\Users\\sebas\\OneDrive\\Escritorio\\Personal\\definitivo\\Carhub\\Carhub-backend\\vendor\\laravel\\framework\\src\\Illuminate\\Foundation\\Http\\Middleware\\VerifyCsrfToken.php(87): Illuminate\\Pipeline\\Pipeline->Illuminate\\Pipeline\\{closure}(Object(Illuminate\\Http\\Request))
#26 C:\\Users\\sebas\\OneDrive\\Escritorio\\Personal\\definitivo\\Carhub\\Carhub-backend\\vendor\\laravel\\framework\\src\\Illuminate\\Pipeline\\Pipeline.php(219): Illuminate\\Foundation\\Http\\Middleware\\VerifyCsrfToken->handle(Object(Illuminate\\Http\\Request), Object(Closure))
#27 C:\\Users\\sebas\\OneDrive\\Escritorio\\Personal\\definitivo\\Carhub\\Carhub-backend\\vendor\\laravel\\framework\\src\\Illuminate\\View\\Middleware\\ShareErrorsFromSession.php(48): Illuminate\\Pipeline\\Pipeline->Illuminate\\Pipeline\\{closure}(Object(Illuminate\\Http\\Request))
#28 C:\\Users\\sebas\\OneDrive\\Escritorio\\Personal\\definitivo\\Carhub\\Carhub-backend\\vendor\\laravel\\framework\\src\\Illuminate\\Pipeline\\Pipeline.php(219): Illuminate\\View\\Middleware\\ShareErrorsFromSession->handle(Object(Illuminate\\Http\\Request), Object(Closure))
#29 C:\\Users\\sebas\\OneDrive\\Escritorio\\Personal\\definitivo\\Carhub\\Carhub-backend\\vendor\\laravel\\framework\\src\\Illuminate\\Session\\Middleware\\StartSession.php(120): Illuminate\\Pipeline\\Pipeline->Illuminate\\Pipeline\\{closure}(Object(Illuminate\\Http\\Request))
#30 C:\\Users\\sebas\\OneDrive\\Escritorio\\Personal\\definitivo\\Carhub\\Carhub-backend\\vendor\\laravel\\framework\\src\\Illuminate\\Session\\Middleware\\StartSession.php(63): Illuminate\\Session\\Middleware\\StartSession->handleStatefulRequest(Object(Illuminate\\Http\\Request), Object(Illuminate\\Session\\Store), Object(Closure))
#31 C:\\Users\\sebas\\OneDrive\\Escritorio\\Personal\\definitivo\\Carhub\\Carhub-backend\\vendor\\laravel\\framework\\src\\Illuminate\\Pipeline\\Pipeline.php(219): Illuminate\\Session\\Middleware\\StartSession->handle(Object(Illuminate\\Http\\Request), Object(Closure))
#32 C:\\Users\\sebas\\OneDrive\\Escritorio\\Personal\\definitivo\\Carhub\\Carhub-backend\\vendor\\laravel\\framework\\src\\Illuminate\\Cookie\\Middleware\\AddQueuedCookiesToResponse.php(36): Illuminate\\Pipeline\\Pipeline->Illuminate\\Pipeline\\{closure}(Object(Illuminate\\Http\\Request))
#33 C:\\Users\\sebas\\OneDrive\\Escritorio\\Personal\\definitivo\\Carhub\\Carhub-backend\\vendor\\laravel\\framework\\src\\Illuminate\\Pipeline\\Pipeline.php(219): Illuminate\\Cookie\\Middleware\\AddQueuedCookiesToResponse->handle(Object(Illuminate\\Http\\Request), Object(Closure))
#34 C:\\Users\\sebas\\OneDrive\\Escritorio\\Personal\\definitivo\\Carhub\\Carhub-backend\\vendor\\laravel\\framework\\src\\Illuminate\\Cookie\\Middleware\\EncryptCookies.php(74): Illuminate\\Pipeline\\Pipeline->Illuminate\\Pipeline\\{closure}(Object(Illuminate\\Http\\Request))
#35 C:\\Users\\sebas\\OneDrive\\Escritorio\\Personal\\definitivo\\Carhub\\Carhub-backend\\vendor\\laravel\\framework\\src\\Illuminate\\Pipeline\\Pipeline.php(219): Illuminate\\Cookie\\Middleware\\EncryptCookies->handle(Object(Illuminate\\Http\\Request), Object(Closure))
#36 C:\\Users\\sebas\\OneDrive\\Escritorio\\Personal\\definitivo\\Carhub\\Carhub-backend\\vendor\\laravel\\framework\\src\\Illuminate\\Pipeline\\Pipeline.php(137): Illuminate\\Pipeline\\Pipeline->Illuminate\\Pipeline\\{closure}(Object(Illuminate\\Http\\Request))
#37 C:\\Users\\sebas\\OneDrive\\Escritorio\\Personal\\definitivo\\Carhub\\Carhub-backend\\vendor\\laravel\\framework\\src\\Illuminate\\Routing\\Router.php(821): Illuminate\\Pipeline\\Pipeline->then(Object(Closure))
#38 C:\\Users\\sebas\\OneDrive\\Escritorio\\Personal\\definitivo\\Carhub\\Carhub-backend\\vendor\\laravel\\framework\\src\\Illuminate\\Routing\\Router.php(800): Illuminate\\Routing\\Router->runRouteWithinStack(Object(Illuminate\\Routing\\Route), Object(Illuminate\\Http\\Request))
#39 C:\\Users\\sebas\\OneDrive\\Escritorio\\Personal\\definitivo\\Carhub\\Carhub-backend\\vendor\\laravel\\framework\\src\\Illuminate\\Routing\\Router.php(764): Illuminate\\Routing\\Router->runRoute(Object(Illuminate\\Http\\Request), Object(Illuminate\\Routing\\Route))
#40 C:\\Users\\sebas\\OneDrive\\Escritorio\\Personal\\definitivo\\Carhub\\Carhub-backend\\vendor\\laravel\\framework\\src\\Illuminate\\Routing\\Router.php(753): Illuminate\\Routing\\Router->dispatchToRoute(Object(Illuminate\\Http\\Request))
#41 C:\\Users\\sebas\\OneDrive\\Escritorio\\Personal\\definitivo\\Carhub\\Carhub-backend\\vendor\\laravel\\framework\\src\\Illuminate\\Foundation\\Http\\Kernel.php(200): Illuminate\\Routing\\Router->dispatch(Object(Illuminate\\Http\\Request))
#42 C:\\Users\\sebas\\OneDrive\\Escritorio\\Personal\\definitivo\\Carhub\\Carhub-backend\\vendor\\laravel\\framework\\src\\Illuminate\\Pipeline\\Pipeline.php(180): Illuminate\\Foundation\\Http\\Kernel->Illuminate\\Foundation\\Http\\{closure}(Object(Illuminate\\Http\\Request))
#43 C:\\Users\\sebas\\OneDrive\\Escritorio\\Personal\\definitivo\\Carhub\\Carhub-backend\\vendor\\laravel\\framework\\src\\Illuminate\\Foundation\\Http\\Middleware\\TransformsRequest.php(21): Illuminate\\Pipeline\\Pipeline->Illuminate\\Pipeline\\{closure}(Object(Illuminate\\Http\\Request))
#44 C:\\Users\\sebas\\OneDrive\\Escritorio\\Personal\\definitivo\\Carhub\\Carhub-backend\\vendor\\laravel\\framework\\src\\Illuminate\\Foundation\\Http\\Middleware\\ConvertEmptyStringsToNull.php(31): Illuminate\\Foundation\\Http\\Middleware\\TransformsRequest->handle(Object(Illuminate\\Http\\Request), Object(Closure))
#45 C:\\Users\\sebas\\OneDrive\\Escritorio\\Personal\\definitivo\\Carhub\\Carhub-backend\\vendor\\laravel\\framework\\src\\Illuminate\\Pipeline\\Pipeline.php(219): Illuminate\\Foundation\\Http\\Middleware\\ConvertEmptyStringsToNull->handle(Object(Illuminate\\Http\\Request), Object(Closure))
#46 C:\\Users\\sebas\\OneDrive\\Escritorio\\Personal\\definitivo\\Carhub\\Carhub-backend\\vendor\\laravel\\framework\\src\\Illuminate\\Foundation\\Http\\Middleware\\TransformsRequest.php(21): Illuminate\\Pipeline\\Pipeline->Illuminate\\Pipeline\\{closure}(Object(Illuminate\\Http\\Request))
#47 C:\\Users\\sebas\\OneDrive\\Escritorio\\Personal\\definitivo\\Carhub\\Carhub-backend\\vendor\\laravel\\framework\\src\\Illuminate\\Foundation\\Http\\Middleware\\TrimStrings.php(51): Illuminate\\Foundation\\Http\\Middleware\\TransformsRequest->handle(Object(Illuminate\\Http\\Request), Object(Closure))
#48 C:\\Users\\sebas\\OneDrive\\Escritorio\\Personal\\definitivo\\Carhub\\Carhub-backend\\vendor\\laravel\\framework\\src\\Illuminate\\Pipeline\\Pipeline.php(219): Illuminate\\Foundation\\Http\\Middleware\\TrimStrings->handle(Object(Illuminate\\Http\\Request), Object(Closure))
#49 C:\\Users\\sebas\\OneDrive\\Escritorio\\Personal\\definitivo\\Carhub\\Carhub-backend\\vendor\\laravel\\framework\\src\\Illuminate\\Http\\Middleware\\ValidatePostSize.php(27): Illuminate\\Pipeline\\Pipeline->Illuminate\\Pipeline\\{closure}(Object(Illuminate\\Http\\Request))
#50 C:\\Users\\sebas\\OneDrive\\Escritorio\\Personal\\definitivo\\Carhub\\Carhub-backend\\vendor\\laravel\\framework\\src\\Illuminate\\Pipeline\\Pipeline.php(219): Illuminate\\Http\\Middleware\\ValidatePostSize->handle(Object(Illuminate\\Http\\Request), Object(Closure))
#51 C:\\Users\\sebas\\OneDrive\\Escritorio\\Personal\\definitivo\\Carhub\\Carhub-backend\\vendor\\laravel\\framework\\src\\Illuminate\\Foundation\\Http\\Middleware\\PreventRequestsDuringMaintenance.php(109): Illuminate\\Pipeline\\Pipeline->Illuminate\\Pipeline\\{closure}(Object(Illuminate\\Http\\Request))
#52 C:\\Users\\sebas\\OneDrive\\Escritorio\\Personal\\definitivo\\Carhub\\Carhub-backend\\vendor\\laravel\\framework\\src\\Illuminate\\Pipeline\\Pipeline.php(219): Illuminate\\Foundation\\Http\\Middleware\\PreventRequestsDuringMaintenance->handle(Object(Illuminate\\Http\\Request), Object(Closure))
#53 C:\\Users\\sebas\\OneDrive\\Escritorio\\Personal\\definitivo\\Carhub\\Carhub-backend\\vendor\\laravel\\framework\\src\\Illuminate\\Http\\Middleware\\HandleCors.php(48): Illuminate\\Pipeline\\Pipeline->Illuminate\\Pipeline\\{closure}(Object(Illuminate\\Http\\Request))
#54 C:\\Users\\sebas\\OneDrive\\Escritorio\\Personal\\definitivo\\Carhub\\Carhub-backend\\vendor\\laravel\\framework\\src\\Illuminate\\Pipeline\\Pipeline.php(219): Illuminate\\Http\\Middleware\\HandleCors->handle(Object(Illuminate\\Http\\Request), Object(Closure))
#55 C:\\Users\\sebas\\OneDrive\\Escritorio\\Personal\\definitivo\\Carhub\\Carhub-backend\\vendor\\laravel\\framework\\src\\Illuminate\\Http\\Middleware\\TrustProxies.php(58): Illuminate\\Pipeline\\Pipeline->Illuminate\\Pipeline\\{closure}(Object(Illuminate\\Http\\Request))
#56 C:\\Users\\sebas\\OneDrive\\Escritorio\\Personal\\definitivo\\Carhub\\Carhub-backend\\vendor\\laravel\\framework\\src\\Illuminate\\Pipeline\\Pipeline.php(219): Illuminate\\Http\\Middleware\\TrustProxies->handle(Object(Illuminate\\Http\\Request), Object(Closure))
#57 C:\\Users\\sebas\\OneDrive\\Escritorio\\Personal\\definitivo\\Carhub\\Carhub-backend\\vendor\\laravel\\framework\\src\\Illuminate\\Foundation\\Http\\Middleware\\InvokeDeferredCallbacks.php(22): Illuminate\\Pipeline\\Pipeline->Illuminate\\Pipeline\\{closure}(Object(Illuminate\\Http\\Request))
#58 C:\\Users\\sebas\\OneDrive\\Escritorio\\Personal\\definitivo\\Carhub\\Carhub-backend\\vendor\\laravel\\framework\\src\\Illuminate\\Pipeline\\Pipeline.php(219): Illuminate\\Foundation\\Http\\Middleware\\InvokeDeferredCallbacks->handle(Object(Illuminate\\Http\\Request), Object(Closure))
#59 C:\\Users\\sebas\\OneDrive\\Escritorio\\Personal\\definitivo\\Carhub\\Carhub-backend\\vendor\\laravel\\framework\\src\\Illuminate\\Http\\Middleware\\ValidatePathEncoding.php(26): Illuminate\\Pipeline\\Pipeline->Illuminate\\Pipeline\\{closure}(Object(Illuminate\\Http\\Request))
#60 C:\\Users\\sebas\\OneDrive\\Escritorio\\Personal\\definitivo\\Carhub\\Carhub-backend\\vendor\\laravel\\framework\\src\\Illuminate\\Pipeline\\Pipeline.php(219): Illuminate\\Http\\Middleware\\ValidatePathEncoding->handle(Object(Illuminate\\Http\\Request), Object(Closure))
#61 C:\\Users\\sebas\\OneDrive\\Escritorio\\Personal\\definitivo\\Carhub\\Carhub-backend\\vendor\\laravel\\framework\\src\\Illuminate\\Pipeline\\Pipeline.php(137): Illuminate\\Pipeline\\Pipeline->Illuminate\\Pipeline\\{closure}(Object(Illuminate\\Http\\Request))
#62 C:\\Users\\sebas\\OneDrive\\Escritorio\\Personal\\definitivo\\Carhub\\Carhub-backend\\vendor\\laravel\\framework\\src\\Illuminate\\Foundation\\Http\\Kernel.php(175): Illuminate\\Pipeline\\Pipeline->then(Object(Closure))
#63 C:\\Users\\sebas\\OneDrive\\Escritorio\\Personal\\definitivo\\Carhub\\Carhub-backend\\vendor\\laravel\\framework\\src\\Illuminate\\Foundation\\Http\\Kernel.php(144): Illuminate\\Foundation\\Http\\Kernel->sendRequestThroughRouter(Object(Illuminate\\Http\\Request))
#64 C:\\Users\\sebas\\OneDrive\\Escritorio\\Personal\\definitivo\\Carhub\\Carhub-backend\\vendor\\laravel\\framework\\src\\Illuminate\\Foundation\\Application.php(1220): Illuminate\\Foundation\\Http\\Kernel->handle(Object(Illuminate\\Http\\Request))
#65 C:\\Users\\sebas\\OneDrive\\Escritorio\\Personal\\definitivo\\Carhub\\Carhub-backend\\public\\index.php(20): Illuminate\\Foundation\\Application->handleRequest(Object(Illuminate\\Http\\Request))
#66 C:\\Users\\sebas\\OneDrive\\Escritorio\\Personal\\definitivo\\Carhub\\Carhub-backend\\vendor\\laravel\\framework\\src\\Illuminate\\Foundation\\resources\\server.php(23): require_once('C:\\\\Users\\\\sebas\\\\...')
#67 {main}
"} 
[2025-10-15 18:13:14] local.ERROR: Please provide a valid cache path. {"exception":"[object] (InvalidArgumentException(code: 0): Please provide a valid cache path. at C:\\Users\\sebas\\OneDrive\\Escritorio\\Personal\\definitivo\\Carhub\\Carhub-backend\\vendor\\laravel\\framework\\src\\Illuminate\\View\\Compilers\\Compiler.php:75)
[stacktrace]
#0 C:\\Users\\sebas\\OneDrive\\Escritorio\\Personal\\definitivo\\Carhub\\Carhub-backend\\vendor\\laravel\\framework\\src\\Illuminate\\View\\ViewServiceProvider.php(97): Illuminate\\View\\Compilers\\Compiler->__construct(Object(Illuminate\\Filesystem\\Filesystem), false, '', true, 'php', true)
#1 C:\\Users\\sebas\\OneDrive\\Escritorio\\Personal\\definitivo\\Carhub\\Carhub-backend\\vendor\\laravel\\framework\\src\\Illuminate\\Container\\Container.php(1154): Illuminate\\View\\ViewServiceProvider->Illuminate\\View\\{closure}(Object(Illuminate\\Foundation\\Application), Array)
#2 C:\\Users\\sebas\\OneDrive\\Escritorio\\Personal\\definitivo\\Carhub\\Carhub-backend\\vendor\\laravel\\framework\\src\\Illuminate\\Container\\Container.php(972): Illuminate\\Container\\Container->build(Object(Closure))
#3 C:\\Users\\sebas\\OneDrive\\Escritorio\\Personal\\definitivo\\Carhub\\Carhub-backend\\vendor\\laravel\\framework\\src\\Illuminate\\Foundation\\Application.php(1078): Illuminate\\Container\\Container->resolve('blade.compiler', Array, true)
#4 C:\\Users\\sebas\\OneDrive\\Escritorio\\Personal\\definitivo\\Carhub\\Carhub-backend\\vendor\\laravel\\framework\\src\\Illuminate\\Container\\Container.php(903): Illuminate\\Foundation\\Application->resolve('blade.compiler', Array)
#5 C:\\Users\\sebas\\OneDrive\\Escritorio\\Personal\\definitivo\\Carhub\\Carhub-backend\\vendor\\laravel\\framework\\src\\Illuminate\\Foundation\\Application.php(1058): Illuminate\\Container\\Container->make('blade.compiler', Array)
#6 C:\\Users\\sebas\\OneDrive\\Escritorio\\Personal\\definitivo\\Carhub\\Carhub-backend\\vendor\\laravel\\framework\\src\\Illuminate\\View\\ViewServiceProvider.php(169): Illuminate\\Foundation\\Application->make('blade.compiler')
#7 [internal function]: Illuminate\\View\\ViewServiceProvider->Illuminate\\View\\{closure}()
#8 C:\\Users\\sebas\\OneDrive\\Escritorio\\Personal\\definitivo\\Carhub\\Carhub-backend\\vendor\\laravel\\framework\\src\\Illuminate\\View\\Engines\\EngineResolver.php(55): call_user_func(Object(Closure))
#9 C:\\Users\\sebas\\OneDrive\\Escritorio\\Personal\\definitivo\\Carhub\\Carhub-backend\\vendor\\laravel\\framework\\src\\Illuminate\\View\\Factory.php(325): Illuminate\\View\\Engines\\EngineResolver->resolve('blade')
#10 C:\\Users\\sebas\\OneDrive\\Escritorio\\Personal\\definitivo\\Carhub\\Carhub-backend\\vendor\\laravel\\framework\\src\\Illuminate\\View\\Factory.php(287): Illuminate\\View\\Factory->getEngineFromPath('C:\\\\Users\\\\sebas\\\\...')
#11 C:\\Users\\sebas\\OneDrive\\Escritorio\\Personal\\definitivo\\Carhub\\Carhub-backend\\vendor\\laravel\\framework\\src\\Illuminate\\View\\Factory.php(159): Illuminate\\View\\Factory->viewInstance('errors::404', 'C:\\\\Users\\\\sebas\\\\...', Array)
#12 C:\\Users\\sebas\\OneDrive\\Escritorio\\Personal\\definitivo\\Carhub\\Carhub-backend\\vendor\\laravel\\framework\\src\\Illuminate\\Routing\\ResponseFactory.php(91): Illuminate\\View\\Factory->make('errors::404', Array)
#13 C:\\Users\\sebas\\OneDrive\\Escritorio\\Personal\\definitivo\\Carhub\\Carhub-backend\\vendor\\laravel\\framework\\src\\Illuminate\\Foundation\\Exceptions\\Handler.php(926): Illuminate\\Routing\\ResponseFactory->view('errors::404', Array, 404, Array)
#14 C:\\Users\\sebas\\OneDrive\\Escritorio\\Personal\\definitivo\\Carhub\\Carhub-backend\\vendor\\laravel\\framework\\src\\Illuminate\\Foundation\\Exceptions\\Handler.php(847): Illuminate\\Foundation\\Exceptions\\Handler->renderHttpException(Object(Symfony\\Component\\HttpKernel\\Exception\\NotFoundHttpException))
#15 C:\\Users\\sebas\\OneDrive\\Escritorio\\Personal\\definitivo\\Carhub\\Carhub-backend\\vendor\\laravel\\framework\\src\\Illuminate\\Foundation\\Exceptions\\Handler.php(738): Illuminate\\Foundation\\Exceptions\\Handler->prepareResponse(Object(Illuminate\\Http\\Request), Object(Symfony\\Component\\HttpKernel\\Exception\\NotFoundHttpException))
#16 C:\\Users\\sebas\\OneDrive\\Escritorio\\Personal\\definitivo\\Carhub\\Carhub-backend\\vendor\\laravel\\framework\\src\\Illuminate\\Foundation\\Exceptions\\Handler.php(626): Illuminate\\Foundation\\Exceptions\\Handler->renderExceptionResponse(Object(Illuminate\\Http\\Request), Object(Symfony\\Component\\HttpKernel\\Exception\\NotFoundHttpException))
#17 C:\\Users\\sebas\\OneDrive\\Escritorio\\Personal\\definitivo\\Carhub\\Carhub-backend\\vendor\\laravel\\framework\\src\\Illuminate\\Routing\\Pipeline.php(51): Illuminate\\Foundation\\Exceptions\\Handler->render(Object(Illuminate\\Http\\Request), Object(Symfony\\Component\\HttpKernel\\Exception\\NotFoundHttpException))
#18 C:\\Users\\sebas\\OneDrive\\Escritorio\\Personal\\definitivo\\Carhub\\Carhub-backend\\vendor\\laravel\\framework\\src\\Illuminate\\Pipeline\\Pipeline.php(182): Illuminate\\Routing\\Pipeline->handleException(Object(Illuminate\\Http\\Request), Object(Symfony\\Component\\HttpKernel\\Exception\\NotFoundHttpException))
#19 C:\\Users\\sebas\\OneDrive\\Escritorio\\Personal\\definitivo\\Carhub\\Carhub-backend\\vendor\\laravel\\framework\\src\\Illuminate\\Foundation\\Http\\Middleware\\TransformsRequest.php(21): Illuminate\\Pipeline\\Pipeline->Illuminate\\Pipeline\\{closure}(Object(Illuminate\\Http\\Request))
#20 C:\\Users\\sebas\\OneDrive\\Escritorio\\Personal\\definitivo\\Carhub\\Carhub-backend\\vendor\\laravel\\framework\\src\\Illuminate\\Foundation\\Http\\Middleware\\ConvertEmptyStringsToNull.php(31): Illuminate\\Foundation\\Http\\Middleware\\TransformsRequest->handle(Object(Illuminate\\Http\\Request), Object(Closure))
#21 C:\\Users\\sebas\\OneDrive\\Escritorio\\Personal\\definitivo\\Carhub\\Carhub-backend\\vendor\\laravel\\framework\\src\\Illuminate\\Pipeline\\Pipeline.php(219): Illuminate\\Foundation\\Http\\Middleware\\ConvertEmptyStringsToNull->handle(Object(Illuminate\\Http\\Request), Object(Closure))
#22 C:\\Users\\sebas\\OneDrive\\Escritorio\\Personal\\definitivo\\Carhub\\Carhub-backend\\vendor\\laravel\\framework\\src\\Illuminate\\Foundation\\Http\\Middleware\\TransformsRequest.php(21): Illuminate\\Pipeline\\Pipeline->Illuminate\\Pipeline\\{closure}(Object(Illuminate\\Http\\Request))
#23 C:\\Users\\sebas\\OneDrive\\Escritorio\\Personal\\definitivo\\Carhub\\Carhub-backend\\vendor\\laravel\\framework\\src\\Illuminate\\Foundation\\Http\\Middleware\\TrimStrings.php(51): Illuminate\\Foundation\\Http\\Middleware\\TransformsRequest->handle(Object(Illuminate\\Http\\Request), Object(Closure))
#24 C:\\Users\\sebas\\OneDrive\\Escritorio\\Personal\\definitivo\\Carhub\\Carhub-backend\\vendor\\laravel\\framework\\src\\Illuminate\\Pipeline\\Pipeline.php(219): Illuminate\\Foundation\\Http\\Middleware\\TrimStrings->handle(Object(Illuminate\\Http\\Request), Object(Closure))
#25 C:\\Users\\sebas\\OneDrive\\Escritorio\\Personal\\definitivo\\Carhub\\Carhub-backend\\vendor\\laravel\\framework\\src\\Illuminate\\Http\\Middleware\\ValidatePostSize.php(27): Illuminate\\Pipeline\\Pipeline->Illuminate\\Pipeline\\{closure}(Object(Illuminate\\Http\\Request))
#26 C:\\Users\\sebas\\OneDrive\\Escritorio\\Personal\\definitivo\\Carhub\\Carhub-backend\\vendor\\laravel\\framework\\src\\Illuminate\\Pipeline\\Pipeline.php(219): Illuminate\\Http\\Middleware\\ValidatePostSize->handle(Object(Illuminate\\Http\\Request), Object(Closure))
#27 C:\\Users\\sebas\\OneDrive\\Escritorio\\Personal\\definitivo\\Carhub\\Carhub-backend\\vendor\\laravel\\framework\\src\\Illuminate\\Foundation\\Http\\Middleware\\PreventRequestsDuringMaintenance.php(109): Illuminate\\Pipeline\\Pipeline->Illuminate\\Pipeline\\{closure}(Object(Illuminate\\Http\\Request))
#28 C:\\Users\\sebas\\OneDrive\\Escritorio\\Personal\\definitivo\\Carhub\\Carhub-backend\\vendor\\laravel\\framework\\src\\Illuminate\\Pipeline\\Pipeline.php(219): Illuminate\\Foundation\\Http\\Middleware\\PreventRequestsDuringMaintenance->handle(Object(Illuminate\\Http\\Request), Object(Closure))
#29 C:\\Users\\sebas\\OneDrive\\Escritorio\\Personal\\definitivo\\Carhub\\Carhub-backend\\vendor\\laravel\\framework\\src\\Illuminate\\Http\\Middleware\\HandleCors.php(48): Illuminate\\Pipeline\\Pipeline->Illuminate\\Pipeline\\{closure}(Object(Illuminate\\Http\\Request))
#30 C:\\Users\\sebas\\OneDrive\\Escritorio\\Personal\\definitivo\\Carhub\\Carhub-backend\\vendor\\laravel\\framework\\src\\Illuminate\\Pipeline\\Pipeline.php(219): Illuminate\\Http\\Middleware\\HandleCors->handle(Object(Illuminate\\Http\\Request), Object(Closure))
#31 C:\\Users\\sebas\\OneDrive\\Escritorio\\Personal\\definitivo\\Carhub\\Carhub-backend\\vendor\\laravel\\framework\\src\\Illuminate\\Http\\Middleware\\TrustProxies.php(58): Illuminate\\Pipeline\\Pipeline->Illuminate\\Pipeline\\{closure}(Object(Illuminate\\Http\\Request))
#32 C:\\Users\\sebas\\OneDrive\\Escritorio\\Personal\\definitivo\\Carhub\\Carhub-backend\\vendor\\laravel\\framework\\src\\Illuminate\\Pipeline\\Pipeline.php(219): Illuminate\\Http\\Middleware\\TrustProxies->handle(Object(Illuminate\\Http\\Request), Object(Closure))
#33 C:\\Users\\sebas\\OneDrive\\Escritorio\\Personal\\definitivo\\Carhub\\Carhub-backend\\vendor\\laravel\\framework\\src\\Illuminate\\Foundation\\Http\\Middleware\\InvokeDeferredCallbacks.php(22): Illuminate\\Pipeline\\Pipeline->Illuminate\\Pipeline\\{closure}(Object(Illuminate\\Http\\Request))
#34 C:\\Users\\sebas\\OneDrive\\Escritorio\\Personal\\definitivo\\Carhub\\Carhub-backend\\vendor\\laravel\\framework\\src\\Illuminate\\Pipeline\\Pipeline.php(219): Illuminate\\Foundation\\Http\\Middleware\\InvokeDeferredCallbacks->handle(Object(Illuminate\\Http\\Request), Object(Closure))
#35 C:\\Users\\sebas\\OneDrive\\Escritorio\\Personal\\definitivo\\Carhub\\Carhub-backend\\vendor\\laravel\\framework\\src\\Illuminate\\Http\\Middleware\\ValidatePathEncoding.php(26): Illuminate\\Pipeline\\Pipeline->Illuminate\\Pipeline\\{closure}(Object(Illuminate\\Http\\Request))
#36 C:\\Users\\sebas\\OneDrive\\Escritorio\\Personal\\definitivo\\Carhub\\Carhub-backend\\vendor\\laravel\\framework\\src\\Illuminate\\Pipeline\\Pipeline.php(219): Illuminate\\Http\\Middleware\\ValidatePathEncoding->handle(Object(Illuminate\\Http\\Request), Object(Closure))
#37 C:\\Users\\sebas\\OneDrive\\Escritorio\\Personal\\definitivo\\Carhub\\Carhub-backend\\vendor\\laravel\\framework\\src\\Illuminate\\Pipeline\\Pipeline.php(137): Illuminate\\Pipeline\\Pipeline->Illuminate\\Pipeline\\{closure}(Object(Illuminate\\Http\\Request))
#38 C:\\Users\\sebas\\OneDrive\\Escritorio\\Personal\\definitivo\\Carhub\\Carhub-backend\\vendor\\laravel\\framework\\src\\Illuminate\\Foundation\\Http\\Kernel.php(175): Illuminate\\Pipeline\\Pipeline->then(Object(Closure))
#39 C:\\Users\\sebas\\OneDrive\\Escritorio\\Personal\\definitivo\\Carhub\\Carhub-backend\\vendor\\laravel\\framework\\src\\Illuminate\\Foundation\\Http\\Kernel.php(144): Illuminate\\Foundation\\Http\\Kernel->sendRequestThroughRouter(Object(Illuminate\\Http\\Request))
#40 C:\\Users\\sebas\\OneDrive\\Escritorio\\Personal\\definitivo\\Carhub\\Carhub-backend\\vendor\\laravel\\framework\\src\\Illuminate\\Foundation\\Application.php(1220): Illuminate\\Foundation\\Http\\Kernel->handle(Object(Illuminate\\Http\\Request))
#41 C:\\Users\\sebas\\OneDrive\\Escritorio\\Personal\\definitivo\\Carhub\\Carhub-backend\\public\\index.php(20): Illuminate\\Foundation\\Application->handleRequest(Object(Illuminate\\Http\\Request))
#42 C:\\Users\\sebas\\OneDrive\\Escritorio\\Personal\\definitivo\\Carhub\\Carhub-backend\\vendor\\laravel\\framework\\src\\Illuminate\\Foundation\\resources\\server.php(23): require_once('C:\\\\Users\\\\sebas\\\\...')
#43 {main}
"} 
[2025-10-15 18:13:30] local.ERROR: Please provide a valid cache path. {"exception":"[object] (InvalidArgumentException(code: 0): Please provide a valid cache path. at C:\\Users\\sebas\\OneDrive\\Escritorio\\Personal\\definitivo\\Carhub\\Carhub-backend\\vendor\\laravel\\framework\\src\\Illuminate\\View\\Compilers\\Compiler.php:75)
[stacktrace]
#0 C:\\Users\\sebas\\OneDrive\\Escritorio\\Personal\\definitivo\\Carhub\\Carhub-backend\\vendor\\laravel\\framework\\src\\Illuminate\\View\\ViewServiceProvider.php(97): Illuminate\\View\\Compilers\\Compiler->__construct(Object(Illuminate\\Filesystem\\Filesystem), false, '', true, 'php', true)
#1 C:\\Users\\sebas\\OneDrive\\Escritorio\\Personal\\definitivo\\Carhub\\Carhub-backend\\vendor\\laravel\\framework\\src\\Illuminate\\Container\\Container.php(1154): Illuminate\\View\\ViewServiceProvider->Illuminate\\View\\{closure}(Object(Illuminate\\Foundation\\Application), Array)
#2 C:\\Users\\sebas\\OneDrive\\Escritorio\\Personal\\definitivo\\Carhub\\Carhub-backend\\vendor\\laravel\\framework\\src\\Illuminate\\Container\\Container.php(972): Illuminate\\Container\\Container->build(Object(Closure))
#3 C:\\Users\\sebas\\OneDrive\\Escritorio\\Personal\\definitivo\\Carhub\\Carhub-backend\\vendor\\laravel\\framework\\src\\Illuminate\\Foundation\\Application.php(1078): Illuminate\\Container\\Container->resolve('blade.compiler', Array, true)
#4 C:\\Users\\sebas\\OneDrive\\Escritorio\\Personal\\definitivo\\Carhub\\Carhub-backend\\vendor\\laravel\\framework\\src\\Illuminate\\Container\\Container.php(903): Illuminate\\Foundation\\Application->resolve('blade.compiler', Array)
#5 C:\\Users\\sebas\\OneDrive\\Escritorio\\Personal\\definitivo\\Carhub\\Carhub-backend\\vendor\\laravel\\framework\\src\\Illuminate\\Foundation\\Application.php(1058): Illuminate\\Container\\Container->make('blade.compiler', Array)
#6 C:\\Users\\sebas\\OneDrive\\Escritorio\\Personal\\definitivo\\Carhub\\Carhub-backend\\vendor\\laravel\\framework\\src\\Illuminate\\View\\ViewServiceProvider.php(169): Illuminate\\Foundation\\Application->make('blade.compiler')
#7 [internal function]: Illuminate\\View\\ViewServiceProvider->Illuminate\\View\\{closure}()
#8 C:\\Users\\sebas\\OneDrive\\Escritorio\\Personal\\definitivo\\Carhub\\Carhub-backend\\vendor\\laravel\\framework\\src\\Illuminate\\View\\Engines\\EngineResolver.php(55): call_user_func(Object(Closure))
#9 C:\\Users\\sebas\\OneDrive\\Escritorio\\Personal\\definitivo\\Carhub\\Carhub-backend\\vendor\\laravel\\framework\\src\\Illuminate\\View\\Factory.php(325): Illuminate\\View\\Engines\\EngineResolver->resolve('blade')
#10 C:\\Users\\sebas\\OneDrive\\Escritorio\\Personal\\definitivo\\Carhub\\Carhub-backend\\vendor\\laravel\\framework\\src\\Illuminate\\View\\Factory.php(287): Illuminate\\View\\Factory->getEngineFromPath('C:\\\\Users\\\\sebas\\\\...')
#11 C:\\Users\\sebas\\OneDrive\\Escritorio\\Personal\\definitivo\\Carhub\\Carhub-backend\\vendor\\laravel\\framework\\src\\Illuminate\\View\\Factory.php(159): Illuminate\\View\\Factory->viewInstance('app', 'C:\\\\Users\\\\sebas\\\\...', Array)
#12 C:\\Users\\sebas\\OneDrive\\Escritorio\\Personal\\definitivo\\Carhub\\Carhub-backend\\vendor\\laravel\\framework\\src\\Illuminate\\Routing\\ResponseFactory.php(91): Illuminate\\View\\Factory->make('app', Array)
#13 C:\\Users\\sebas\\OneDrive\\Escritorio\\Personal\\definitivo\\Carhub\\Carhub-backend\\vendor\\laravel\\framework\\src\\Illuminate\\Support\\Facades\\Facade.php(363): Illuminate\\Routing\\ResponseFactory->view('app', Array)
#14 C:\\Users\\sebas\\OneDrive\\Escritorio\\Personal\\definitivo\\Carhub\\Carhub-backend\\vendor\\inertiajs\\inertia-laravel\\src\\Response.php(199): Illuminate\\Support\\Facades\\Facade::__callStatic('view', Array)
#15 C:\\Users\\sebas\\OneDrive\\Escritorio\\Personal\\definitivo\\Carhub\\Carhub-backend\\vendor\\laravel\\framework\\src\\Illuminate\\Routing\\Router.php(921): Inertia\\Response->toResponse(Object(Illuminate\\Http\\Request))
#16 C:\\Users\\sebas\\OneDrive\\Escritorio\\Personal\\definitivo\\Carhub\\Carhub-backend\\vendor\\laravel\\framework\\src\\Illuminate\\Routing\\Router.php(906): Illuminate\\Routing\\Router::toResponse(Object(Illuminate\\Http\\Request), Object(Inertia\\Response))
#17 C:\\Users\\sebas\\OneDrive\\Escritorio\\Personal\\definitivo\\Carhub\\Carhub-backend\\vendor\\laravel\\framework\\src\\Illuminate\\Routing\\Router.php(821): Illuminate\\Routing\\Router->prepareResponse(Object(Illuminate\\Http\\Request), Object(Inertia\\Response))
#18 C:\\Users\\sebas\\OneDrive\\Escritorio\\Personal\\definitivo\\Carhub\\Carhub-backend\\vendor\\laravel\\framework\\src\\Illuminate\\Pipeline\\Pipeline.php(180): Illuminate\\Routing\\Router->Illuminate\\Routing\\{closure}(Object(Illuminate\\Http\\Request))
#19 C:\\Users\\sebas\\OneDrive\\Escritorio\\Personal\\definitivo\\Carhub\\Carhub-backend\\vendor\\laravel\\framework\\src\\Illuminate\\Http\\Middleware\\AddLinkHeadersForPreloadedAssets.php(32): Illuminate\\Pipeline\\Pipeline->Illuminate\\Pipeline\\{closure}(Object(Illuminate\\Http\\Request))
#20 C:\\Users\\sebas\\OneDrive\\Escritorio\\Personal\\definitivo\\Carhub\\Carhub-backend\\vendor\\laravel\\framework\\src\\Illuminate\\Pipeline\\Pipeline.php(219): Illuminate\\Http\\Middleware\\AddLinkHeadersForPreloadedAssets->handle(Object(Illuminate\\Http\\Request), Object(Closure))
#21 C:\\Users\\sebas\\OneDrive\\Escritorio\\Personal\\definitivo\\Carhub\\Carhub-backend\\vendor\\inertiajs\\inertia-laravel\\src\\Middleware.php(96): Illuminate\\Pipeline\\Pipeline->Illuminate\\Pipeline\\{closure}(Object(Illuminate\\Http\\Request))
#22 C:\\Users\\sebas\\OneDrive\\Escritorio\\Personal\\definitivo\\Carhub\\Carhub-backend\\vendor\\laravel\\framework\\src\\Illuminate\\Pipeline\\Pipeline.php(219): Inertia\\Middleware->handle(Object(Illuminate\\Http\\Request), Object(Closure))
#23 C:\\Users\\sebas\\OneDrive\\Escritorio\\Personal\\definitivo\\Carhub\\Carhub-backend\\vendor\\laravel\\framework\\src\\Illuminate\\Routing\\Middleware\\SubstituteBindings.php(50): Illuminate\\Pipeline\\Pipeline->Illuminate\\Pipeline\\{closure}(Object(Illuminate\\Http\\Request))
#24 C:\\Users\\sebas\\OneDrive\\Escritorio\\Personal\\definitivo\\Carhub\\Carhub-backend\\vendor\\laravel\\framework\\src\\Illuminate\\Pipeline\\Pipeline.php(219): Illuminate\\Routing\\Middleware\\SubstituteBindings->handle(Object(Illuminate\\Http\\Request), Object(Closure))
#25 C:\\Users\\sebas\\OneDrive\\Escritorio\\Personal\\definitivo\\Carhub\\Carhub-backend\\vendor\\laravel\\framework\\src\\Illuminate\\Foundation\\Http\\Middleware\\VerifyCsrfToken.php(87): Illuminate\\Pipeline\\Pipeline->Illuminate\\Pipeline\\{closure}(Object(Illuminate\\Http\\Request))
#26 C:\\Users\\sebas\\OneDrive\\Escritorio\\Personal\\definitivo\\Carhub\\Carhub-backend\\vendor\\laravel\\framework\\src\\Illuminate\\Pipeline\\Pipeline.php(219): Illuminate\\Foundation\\Http\\Middleware\\VerifyCsrfToken->handle(Object(Illuminate\\Http\\Request), Object(Closure))
#27 C:\\Users\\sebas\\OneDrive\\Escritorio\\Personal\\definitivo\\Carhub\\Carhub-backend\\vendor\\laravel\\framework\\src\\Illuminate\\View\\Middleware\\ShareErrorsFromSession.php(48): Illuminate\\Pipeline\\Pipeline->Illuminate\\Pipeline\\{closure}(Object(Illuminate\\Http\\Request))
#28 C:\\Users\\sebas\\OneDrive\\Escritorio\\Personal\\definitivo\\Carhub\\Carhub-backend\\vendor\\laravel\\framework\\src\\Illuminate\\Pipeline\\Pipeline.php(219): Illuminate\\View\\Middleware\\ShareErrorsFromSession->handle(Object(Illuminate\\Http\\Request), Object(Closure))
#29 C:\\Users\\sebas\\OneDrive\\Escritorio\\Personal\\definitivo\\Carhub\\Carhub-backend\\vendor\\laravel\\framework\\src\\Illuminate\\Session\\Middleware\\StartSession.php(120): Illuminate\\Pipeline\\Pipeline->Illuminate\\Pipeline\\{closure}(Object(Illuminate\\Http\\Request))
#30 C:\\Users\\sebas\\OneDrive\\Escritorio\\Personal\\definitivo\\Carhub\\Carhub-backend\\vendor\\laravel\\framework\\src\\Illuminate\\Session\\Middleware\\StartSession.php(63): Illuminate\\Session\\Middleware\\StartSession->handleStatefulRequest(Object(Illuminate\\Http\\Request), Object(Illuminate\\Session\\Store), Object(Closure))
#31 C:\\Users\\sebas\\OneDrive\\Escritorio\\Personal\\definitivo\\Carhub\\Carhub-backend\\vendor\\laravel\\framework\\src\\Illuminate\\Pipeline\\Pipeline.php(219): Illuminate\\Session\\Middleware\\StartSession->handle(Object(Illuminate\\Http\\Request), Object(Closure))
#32 C:\\Users\\sebas\\OneDrive\\Escritorio\\Personal\\definitivo\\Carhub\\Carhub-backend\\vendor\\laravel\\framework\\src\\Illuminate\\Cookie\\Middleware\\AddQueuedCookiesToResponse.php(36): Illuminate\\Pipeline\\Pipeline->Illuminate\\Pipeline\\{closure}(Object(Illuminate\\Http\\Request))
#33 C:\\Users\\sebas\\OneDrive\\Escritorio\\Personal\\definitivo\\Carhub\\Carhub-backend\\vendor\\laravel\\framework\\src\\Illuminate\\Pipeline\\Pipeline.php(219): Illuminate\\Cookie\\Middleware\\AddQueuedCookiesToResponse->handle(Object(Illuminate\\Http\\Request), Object(Closure))
#34 C:\\Users\\sebas\\OneDrive\\Escritorio\\Personal\\definitivo\\Carhub\\Carhub-backend\\vendor\\laravel\\framework\\src\\Illuminate\\Cookie\\Middleware\\EncryptCookies.php(74): Illuminate\\Pipeline\\Pipeline->Illuminate\\Pipeline\\{closure}(Object(Illuminate\\Http\\Request))
#35 C:\\Users\\sebas\\OneDrive\\Escritorio\\Personal\\definitivo\\Carhub\\Carhub-backend\\vendor\\laravel\\framework\\src\\Illuminate\\Pipeline\\Pipeline.php(219): Illuminate\\Cookie\\Middleware\\EncryptCookies->handle(Object(Illuminate\\Http\\Request), Object(Closure))
#36 C:\\Users\\sebas\\OneDrive\\Escritorio\\Personal\\definitivo\\Carhub\\Carhub-backend\\vendor\\laravel\\framework\\src\\Illuminate\\Pipeline\\Pipeline.php(137): Illuminate\\Pipeline\\Pipeline->Illuminate\\Pipeline\\{closure}(Object(Illuminate\\Http\\Request))
#37 C:\\Users\\sebas\\OneDrive\\Escritorio\\Personal\\definitivo\\Carhub\\Carhub-backend\\vendor\\laravel\\framework\\src\\Illuminate\\Routing\\Router.php(821): Illuminate\\Pipeline\\Pipeline->then(Object(Closure))
#38 C:\\Users\\sebas\\OneDrive\\Escritorio\\Personal\\definitivo\\Carhub\\Carhub-backend\\vendor\\laravel\\framework\\src\\Illuminate\\Routing\\Router.php(800): Illuminate\\Routing\\Router->runRouteWithinStack(Object(Illuminate\\Routing\\Route), Object(Illuminate\\Http\\Request))
#39 C:\\Users\\sebas\\OneDrive\\Escritorio\\Personal\\definitivo\\Carhub\\Carhub-backend\\vendor\\laravel\\framework\\src\\Illuminate\\Routing\\Router.php(764): Illuminate\\Routing\\Router->runRoute(Object(Illuminate\\Http\\Request), Object(Illuminate\\Routing\\Route))
#40 C:\\Users\\sebas\\OneDrive\\Escritorio\\Personal\\definitivo\\Carhub\\Carhub-backend\\vendor\\laravel\\framework\\src\\Illuminate\\Routing\\Router.php(753): Illuminate\\Routing\\Router->dispatchToRoute(Object(Illuminate\\Http\\Request))
#41 C:\\Users\\sebas\\OneDrive\\Escritorio\\Personal\\definitivo\\Carhub\\Carhub-backend\\vendor\\laravel\\framework\\src\\Illuminate\\Foundation\\Http\\Kernel.php(200): Illuminate\\Routing\\Router->dispatch(Object(Illuminate\\Http\\Request))
#42 C:\\Users\\sebas\\OneDrive\\Escritorio\\Personal\\definitivo\\Carhub\\Carhub-backend\\vendor\\laravel\\framework\\src\\Illuminate\\Pipeline\\Pipeline.php(180): Illuminate\\Foundation\\Http\\Kernel->Illuminate\\Foundation\\Http\\{closure}(Object(Illuminate\\Http\\Request))
#43 C:\\Users\\sebas\\OneDrive\\Escritorio\\Personal\\definitivo\\Carhub\\Carhub-backend\\vendor\\laravel\\framework\\src\\Illuminate\\Foundation\\Http\\Middleware\\TransformsRequest.php(21): Illuminate\\Pipeline\\Pipeline->Illuminate\\Pipeline\\{closure}(Object(Illuminate\\Http\\Request))
#44 C:\\Users\\sebas\\OneDrive\\Escritorio\\Personal\\definitivo\\Carhub\\Carhub-backend\\vendor\\laravel\\framework\\src\\Illuminate\\Foundation\\Http\\Middleware\\ConvertEmptyStringsToNull.php(31): Illuminate\\Foundation\\Http\\Middleware\\TransformsRequest->handle(Object(Illuminate\\Http\\Request), Object(Closure))
#45 C:\\Users\\sebas\\OneDrive\\Escritorio\\Personal\\definitivo\\Carhub\\Carhub-backend\\vendor\\laravel\\framework\\src\\Illuminate\\Pipeline\\Pipeline.php(219): Illuminate\\Foundation\\Http\\Middleware\\ConvertEmptyStringsToNull->handle(Object(Illuminate\\Http\\Request), Object(Closure))
#46 C:\\Users\\sebas\\OneDrive\\Escritorio\\Personal\\definitivo\\Carhub\\Carhub-backend\\vendor\\laravel\\framework\\src\\Illuminate\\Foundation\\Http\\Middleware\\TransformsRequest.php(21): Illuminate\\Pipeline\\Pipeline->Illuminate\\Pipeline\\{closure}(Object(Illuminate\\Http\\Request))
#47 C:\\Users\\sebas\\OneDrive\\Escritorio\\Personal\\definitivo\\Carhub\\Carhub-backend\\vendor\\laravel\\framework\\src\\Illuminate\\Foundation\\Http\\Middleware\\TrimStrings.php(51): Illuminate\\Foundation\\Http\\Middleware\\TransformsRequest->handle(Object(Illuminate\\Http\\Request), Object(Closure))
#48 C:\\Users\\sebas\\OneDrive\\Escritorio\\Personal\\definitivo\\Carhub\\Carhub-backend\\vendor\\laravel\\framework\\src\\Illuminate\\Pipeline\\Pipeline.php(219): Illuminate\\Foundation\\Http\\Middleware\\TrimStrings->handle(Object(Illuminate\\Http\\Request), Object(Closure))
#49 C:\\Users\\sebas\\OneDrive\\Escritorio\\Personal\\definitivo\\Carhub\\Carhub-backend\\vendor\\laravel\\framework\\src\\Illuminate\\Http\\Middleware\\ValidatePostSize.php(27): Illuminate\\Pipeline\\Pipeline->Illuminate\\Pipeline\\{closure}(Object(Illuminate\\Http\\Request))
#50 C:\\Users\\sebas\\OneDrive\\Escritorio\\Personal\\definitivo\\Carhub\\Carhub-backend\\vendor\\laravel\\framework\\src\\Illuminate\\Pipeline\\Pipeline.php(219): Illuminate\\Http\\Middleware\\ValidatePostSize->handle(Object(Illuminate\\Http\\Request), Object(Closure))
#51 C:\\Users\\sebas\\OneDrive\\Escritorio\\Personal\\definitivo\\Carhub\\Carhub-backend\\vendor\\laravel\\framework\\src\\Illuminate\\Foundation\\Http\\Middleware\\PreventRequestsDuringMaintenance.php(109): Illuminate\\Pipeline\\Pipeline->Illuminate\\Pipeline\\{closure}(Object(Illuminate\\Http\\Request))
#52 C:\\Users\\sebas\\OneDrive\\Escritorio\\Personal\\definitivo\\Carhub\\Carhub-backend\\vendor\\laravel\\framework\\src\\Illuminate\\Pipeline\\Pipeline.php(219): Illuminate\\Foundation\\Http\\Middleware\\PreventRequestsDuringMaintenance->handle(Object(Illuminate\\Http\\Request), Object(Closure))
#53 C:\\Users\\sebas\\OneDrive\\Escritorio\\Personal\\definitivo\\Carhub\\Carhub-backend\\vendor\\laravel\\framework\\src\\Illuminate\\Http\\Middleware\\HandleCors.php(48): Illuminate\\Pipeline\\Pipeline->Illuminate\\Pipeline\\{closure}(Object(Illuminate\\Http\\Request))
#54 C:\\Users\\sebas\\OneDrive\\Escritorio\\Personal\\definitivo\\Carhub\\Carhub-backend\\vendor\\laravel\\framework\\src\\Illuminate\\Pipeline\\Pipeline.php(219): Illuminate\\Http\\Middleware\\HandleCors->handle(Object(Illuminate\\Http\\Request), Object(Closure))
#55 C:\\Users\\sebas\\OneDrive\\Escritorio\\Personal\\definitivo\\Carhub\\Carhub-backend\\vendor\\laravel\\framework\\src\\Illuminate\\Http\\Middleware\\TrustProxies.php(58): Illuminate\\Pipeline\\Pipeline->Illuminate\\Pipeline\\{closure}(Object(Illuminate\\Http\\Request))
#56 C:\\Users\\sebas\\OneDrive\\Escritorio\\Personal\\definitivo\\Carhub\\Carhub-backend\\vendor\\laravel\\framework\\src\\Illuminate\\Pipeline\\Pipeline.php(219): Illuminate\\Http\\Middleware\\TrustProxies->handle(Object(Illuminate\\Http\\Request), Object(Closure))
#57 C:\\Users\\sebas\\OneDrive\\Escritorio\\Personal\\definitivo\\Carhub\\Carhub-backend\\vendor\\laravel\\framework\\src\\Illuminate\\Foundation\\Http\\Middleware\\InvokeDeferredCallbacks.php(22): Illuminate\\Pipeline\\Pipeline->Illuminate\\Pipeline\\{closure}(Object(Illuminate\\Http\\Request))
#58 C:\\Users\\sebas\\OneDrive\\Escritorio\\Personal\\definitivo\\Carhub\\Carhub-backend\\vendor\\laravel\\framework\\src\\Illuminate\\Pipeline\\Pipeline.php(219): Illuminate\\Foundation\\Http\\Middleware\\InvokeDeferredCallbacks->handle(Object(Illuminate\\Http\\Request), Object(Closure))
#59 C:\\Users\\sebas\\OneDrive\\Escritorio\\Personal\\definitivo\\Carhub\\Carhub-backend\\vendor\\laravel\\framework\\src\\Illuminate\\Http\\Middleware\\ValidatePathEncoding.php(26): Illuminate\\Pipeline\\Pipeline->Illuminate\\Pipeline\\{closure}(Object(Illuminate\\Http\\Request))
#60 C:\\Users\\sebas\\OneDrive\\Escritorio\\Personal\\definitivo\\Carhub\\Carhub-backend\\vendor\\laravel\\framework\\src\\Illuminate\\Pipeline\\Pipeline.php(219): Illuminate\\Http\\Middleware\\ValidatePathEncoding->handle(Object(Illuminate\\Http\\Request), Object(Closure))
#61 C:\\Users\\sebas\\OneDrive\\Escritorio\\Personal\\definitivo\\Carhub\\Carhub-backend\\vendor\\laravel\\framework\\src\\Illuminate\\Pipeline\\Pipeline.php(137): Illuminate\\Pipeline\\Pipeline->Illuminate\\Pipeline\\{closure}(Object(Illuminate\\Http\\Request))
#62 C:\\Users\\sebas\\OneDrive\\Escritorio\\Personal\\definitivo\\Carhub\\Carhub-backend\\vendor\\laravel\\framework\\src\\Illuminate\\Foundation\\Http\\Kernel.php(175): Illuminate\\Pipeline\\Pipeline->then(Object(Closure))
#63 C:\\Users\\sebas\\OneDrive\\Escritorio\\Personal\\definitivo\\Carhub\\Carhub-backend\\vendor\\laravel\\framework\\src\\Illuminate\\Foundation\\Http\\Kernel.php(144): Illuminate\\Foundation\\Http\\Kernel->sendRequestThroughRouter(Object(Illuminate\\Http\\Request))
#64 C:\\Users\\sebas\\OneDrive\\Escritorio\\Personal\\definitivo\\Carhub\\Carhub-backend\\vendor\\laravel\\framework\\src\\Illuminate\\Foundation\\Application.php(1220): Illuminate\\Foundation\\Http\\Kernel->handle(Object(Illuminate\\Http\\Request))
#65 C:\\Users\\sebas\\OneDrive\\Escritorio\\Personal\\definitivo\\Carhub\\Carhub-backend\\public\\index.php(20): Illuminate\\Foundation\\Application->handleRequest(Object(Illuminate\\Http\\Request))
#66 C:\\Users\\sebas\\OneDrive\\Escritorio\\Personal\\definitivo\\Carhub\\Carhub-backend\\vendor\\laravel\\framework\\src\\Illuminate\\Foundation\\resources\\server.php(23): require_once('C:\\\\Users\\\\sebas\\\\...')
#67 {main}
"} 
[2025-10-15 19:11:36] local.ERROR: SQLSTATE[HY000] [1045] ProxySQL Error: Access denied for user 'tzx0pmiulffegvax'@'2600:1f18:7492:e201:7e41:bbdb:448c:f9b8' (using password: YES) (Connection: mysql, SQL: select exists (select 1 from information_schema.tables where table_schema = schema() and table_name = 'migrations' and table_type in ('BASE TABLE', 'SYSTEM VERSIONED')) as `exists`) {"exception":"[object] (Illuminate\\Database\\QueryException(code: 1045): SQLSTATE[HY000] [1045] ProxySQL Error: Access denied for user 'tzx0pmiulffegvax'@'2600:1f18:7492:e201:7e41:bbdb:448c:f9b8' (using password: YES) (Connection: mysql, SQL: select exists (select 1 from information_schema.tables where table_schema = schema() and table_name = 'migrations' and table_type in ('BASE TABLE', 'SYSTEM VERSIONED')) as `exists`) at C:\\Users\\sebas\\OneDrive\\Escritorio\\Personal\\definitivo\\Carhub\\Carhub-backend\\vendor\\laravel\\framework\\src\\Illuminate\\Database\\Connection.php:824)
[stacktrace]
#0 C:\\Users\\sebas\\OneDrive\\Escritorio\\Personal\\definitivo\\Carhub\\Carhub-backend\\vendor\\laravel\\framework\\src\\Illuminate\\Database\\Connection.php(778): Illuminate\\Database\\Connection->runQueryCallback('select exists (...', Array, Object(Closure))
#1 C:\\Users\\sebas\\OneDrive\\Escritorio\\Personal\\definitivo\\Carhub\\Carhub-backend\\vendor\\laravel\\framework\\src\\Illuminate\\Database\\Connection.php(397): Illuminate\\Database\\Connection->run('select exists (...', Array, Object(Closure))
#2 C:\\Users\\sebas\\OneDrive\\Escritorio\\Personal\\definitivo\\Carhub\\Carhub-backend\\vendor\\laravel\\framework\\src\\Illuminate\\Database\\Connection.php(343): Illuminate\\Database\\Connection->select('select exists (...', Array, true)
#3 C:\\Users\\sebas\\OneDrive\\Escritorio\\Personal\\definitivo\\Carhub\\Carhub-backend\\vendor\\laravel\\framework\\src\\Illuminate\\Database\\Connection.php(360): Illuminate\\Database\\Connection->selectOne('select exists (...', Array, true)
#4 C:\\Users\\sebas\\OneDrive\\Escritorio\\Personal\\definitivo\\Carhub\\Carhub-backend\\vendor\\laravel\\framework\\src\\Illuminate\\Database\\Schema\\Builder.php(174): Illuminate\\Database\\Connection->scalar('select exists (...')
#5 C:\\Users\\sebas\\OneDrive\\Escritorio\\Personal\\definitivo\\Carhub\\Carhub-backend\\vendor\\laravel\\framework\\src\\Illuminate\\Database\\Migrations\\DatabaseMigrationRepository.php(185): Illuminate\\Database\\Schema\\Builder->hasTable('migrations')
#6 C:\\Users\\sebas\\OneDrive\\Escritorio\\Personal\\definitivo\\Carhub\\Carhub-backend\\vendor\\laravel\\framework\\src\\Illuminate\\Database\\Migrations\\Migrator.php(753): Illuminate\\Database\\Migrations\\DatabaseMigrationRepository->repositoryExists()
#7 C:\\Users\\sebas\\OneDrive\\Escritorio\\Personal\\definitivo\\Carhub\\Carhub-backend\\vendor\\laravel\\framework\\src\\Illuminate\\Database\\Console\\Migrations\\MigrateCommand.php(164): Illuminate\\Database\\Migrations\\Migrator->repositoryExists()
#8 C:\\Users\\sebas\\OneDrive\\Escritorio\\Personal\\definitivo\\Carhub\\Carhub-backend\\vendor\\laravel\\framework\\src\\Illuminate\\Support\\helpers.php(329): Illuminate\\Database\\Console\\Migrations\\MigrateCommand->Illuminate\\Database\\Console\\Migrations\\{closure}(1)
#9 C:\\Users\\sebas\\OneDrive\\Escritorio\\Personal\\definitivo\\Carhub\\Carhub-backend\\vendor\\laravel\\framework\\src\\Illuminate\\Database\\Console\\Migrations\\MigrateCommand.php(164): retry(1, Object(Closure), 0, Object(Closure))
#10 C:\\Users\\sebas\\OneDrive\\Escritorio\\Personal\\definitivo\\Carhub\\Carhub-backend\\vendor\\laravel\\framework\\src\\Illuminate\\Database\\Console\\Migrations\\MigrateCommand.php(140): Illuminate\\Database\\Console\\Migrations\\MigrateCommand->repositoryExists()
#11 C:\\Users\\sebas\\OneDrive\\Escritorio\\Personal\\definitivo\\Carhub\\Carhub-backend\\vendor\\laravel\\framework\\src\\Illuminate\\Database\\Console\\Migrations\\MigrateCommand.php(110): Illuminate\\Database\\Console\\Migrations\\MigrateCommand->prepareDatabase()
#12 C:\\Users\\sebas\\OneDrive\\Escritorio\\Personal\\definitivo\\Carhub\\Carhub-backend\\vendor\\laravel\\framework\\src\\Illuminate\\Database\\Migrations\\Migrator.php(666): Illuminate\\Database\\Console\\Migrations\\MigrateCommand->Illuminate\\Database\\Console\\Migrations\\{closure}()
#13 C:\\Users\\sebas\\OneDrive\\Escritorio\\Personal\\definitivo\\Carhub\\Carhub-backend\\vendor\\laravel\\framework\\src\\Illuminate\\Database\\Console\\Migrations\\MigrateCommand.php(109): Illuminate\\Database\\Migrations\\Migrator->usingConnection(NULL, Object(Closure))
#14 C:\\Users\\sebas\\OneDrive\\Escritorio\\Personal\\definitivo\\Carhub\\Carhub-backend\\vendor\\laravel\\framework\\src\\Illuminate\\Database\\Console\\Migrations\\MigrateCommand.php(88): Illuminate\\Database\\Console\\Migrations\\MigrateCommand->runMigrations()
#15 C:\\Users\\sebas\\OneDrive\\Escritorio\\Personal\\definitivo\\Carhub\\Carhub-backend\\vendor\\laravel\\framework\\src\\Illuminate\\Container\\BoundMethod.php(36): Illuminate\\Database\\Console\\Migrations\\MigrateCommand->handle()
#16 C:\\Users\\sebas\\OneDrive\\Escritorio\\Personal\\definitivo\\Carhub\\Carhub-backend\\vendor\\laravel\\framework\\src\\Illuminate\\Container\\Util.php(43): Illuminate\\Container\\BoundMethod::Illuminate\\Container\\{closure}()
#17 C:\\Users\\sebas\\OneDrive\\Escritorio\\Personal\\definitivo\\Carhub\\Carhub-backend\\vendor\\laravel\\framework\\src\\Illuminate\\Container\\BoundMethod.php(96): Illuminate\\Container\\Util::unwrapIfClosure(Object(Closure))
#18 C:\\Users\\sebas\\OneDrive\\Escritorio\\Personal\\definitivo\\Carhub\\Carhub-backend\\vendor\\laravel\\framework\\src\\Illuminate\\Container\\BoundMethod.php(35): Illuminate\\Container\\BoundMethod::callBoundMethod(Object(Illuminate\\Foundation\\Application), Array, Object(Closure))
#19 C:\\Users\\sebas\\OneDrive\\Escritorio\\Personal\\definitivo\\Carhub\\Carhub-backend\\vendor\\laravel\\framework\\src\\Illuminate\\Container\\Container.php(836): Illuminate\\Container\\BoundMethod::call(Object(Illuminate\\Foundation\\Application), Array, Array, NULL)
#20 C:\\Users\\sebas\\OneDrive\\Escritorio\\Personal\\definitivo\\Carhub\\Carhub-backend\\vendor\\laravel\\framework\\src\\Illuminate\\Console\\Command.php(211): Illuminate\\Container\\Container->call(Array)
#21 C:\\Users\\sebas\\OneDrive\\Escritorio\\Personal\\definitivo\\Carhub\\Carhub-backend\\vendor\\symfony\\console\\Command\\Command.php(318): Illuminate\\Console\\Command->execute(Object(Symfony\\Component\\Console\\Input\\ArgvInput), Object(Illuminate\\Console\\OutputStyle))
#22 C:\\Users\\sebas\\OneDrive\\Escritorio\\Personal\\definitivo\\Carhub\\Carhub-backend\\vendor\\laravel\\framework\\src\\Illuminate\\Console\\Command.php(180): Symfony\\Component\\Console\\Command\\Command->run(Object(Symfony\\Component\\Console\\Input\\ArgvInput), Object(Illuminate\\Console\\OutputStyle))
#23 C:\\Users\\sebas\\OneDrive\\Escritorio\\Personal\\definitivo\\Carhub\\Carhub-backend\\vendor\\symfony\\console\\Application.php(1110): Illuminate\\Console\\Command->run(Object(Symfony\\Component\\Console\\Input\\ArgvInput), Object(Symfony\\Component\\Console\\Output\\ConsoleOutput))
#24 C:\\Users\\sebas\\OneDrive\\Escritorio\\Personal\\definitivo\\Carhub\\Carhub-backend\\vendor\\symfony\\console\\Application.php(359): Symfony\\Component\\Console\\Application->doRunCommand(Object(Illuminate\\Database\\Console\\Migrations\\MigrateCommand), Object(Symfony\\Component\\Console\\Input\\ArgvInput), Object(Symfony\\Component\\Console\\Output\\ConsoleOutput))
#25 C:\\Users\\sebas\\OneDrive\\Escritorio\\Personal\\definitivo\\Carhub\\Carhub-backend\\vendor\\symfony\\console\\Application.php(194): Symfony\\Component\\Console\\Application->doRun(Object(Symfony\\Component\\Console\\Input\\ArgvInput), Object(Symfony\\Component\\Console\\Output\\ConsoleOutput))
#26 C:\\Users\\sebas\\OneDrive\\Escritorio\\Personal\\definitivo\\Carhub\\Carhub-backend\\vendor\\laravel\\framework\\src\\Illuminate\\Foundation\\Console\\Kernel.php(197): Symfony\\Component\\Console\\Application->run(Object(Symfony\\Component\\Console\\Input\\ArgvInput), Object(Symfony\\Component\\Console\\Output\\ConsoleOutput))
#27 C:\\Users\\sebas\\OneDrive\\Escritorio\\Personal\\definitivo\\Carhub\\Carhub-backend\\vendor\\laravel\\framework\\src\\Illuminate\\Foundation\\Application.php(1235): Illuminate\\Foundation\\Console\\Kernel->handle(Object(Symfony\\Component\\Console\\Input\\ArgvInput), Object(Symfony\\Component\\Console\\Output\\ConsoleOutput))
#28 C:\\Users\\sebas\\OneDrive\\Escritorio\\Personal\\definitivo\\Carhub\\Carhub-backend\\artisan(16): Illuminate\\Foundation\\Application->handleCommand(Object(Symfony\\Component\\Console\\Input\\ArgvInput))
#29 {main}

[previous exception] [object] (PDOException(code: 1045): SQLSTATE[HY000] [1045] ProxySQL Error: Access denied for user 'tzx0pmiulffegvax'@'2600:1f18:7492:e201:7e41:bbdb:448c:f9b8' (using password: YES) at C:\\Users\\sebas\\OneDrive\\Escritorio\\Personal\\definitivo\\Carhub\\Carhub-backend\\vendor\\laravel\\framework\\src\\Illuminate\\Database\\Connectors\\Connector.php:66)
[stacktrace]
#0 C:\\Users\\sebas\\OneDrive\\Escritorio\\Personal\\definitivo\\Carhub\\Carhub-backend\\vendor\\laravel\\framework\\src\\Illuminate\\Database\\Connectors\\Connector.php(66): PDO->__construct('mysql:host=db-a...', 'tzx0pmiulffegva...', Object(SensitiveParameterValue), Array)
#1 C:\\Users\\sebas\\OneDrive\\Escritorio\\Personal\\definitivo\\Carhub\\Carhub-backend\\vendor\\laravel\\framework\\src\\Illuminate\\Database\\Connectors\\Connector.php(44): Illuminate\\Database\\Connectors\\Connector->createPdoConnection('mysql:host=db-a...', 'tzx0pmiulffegva...', Object(SensitiveParameterValue), Array)
#2 C:\\Users\\sebas\\OneDrive\\Escritorio\\Personal\\definitivo\\Carhub\\Carhub-backend\\vendor\\laravel\\framework\\src\\Illuminate\\Database\\Connectors\\MySqlConnector.php(24): Illuminate\\Database\\Connectors\\Connector->createConnection('mysql:host=db-a...', Array, Array)
#3 C:\\Users\\sebas\\OneDrive\\Escritorio\\Personal\\definitivo\\Carhub\\Carhub-backend\\vendor\\laravel\\framework\\src\\Illuminate\\Database\\Connectors\\ConnectionFactory.php(184): Illuminate\\Database\\Connectors\\MySqlConnector->connect(Array)
#4 [internal function]: Illuminate\\Database\\Connectors\\ConnectionFactory->Illuminate\\Database\\Connectors\\{closure}()
#5 C:\\Users\\sebas\\OneDrive\\Escritorio\\Personal\\definitivo\\Carhub\\Carhub-backend\\vendor\\laravel\\framework\\src\\Illuminate\\Database\\Connection.php(1230): call_user_func(Object(Closure))
#6 C:\\Users\\sebas\\OneDrive\\Escritorio\\Personal\\definitivo\\Carhub\\Carhub-backend\\vendor\\laravel\\framework\\src\\Illuminate\\Database\\Connection.php(1266): Illuminate\\Database\\Connection->getPdo()
#7 C:\\Users\\sebas\\OneDrive\\Escritorio\\Personal\\definitivo\\Carhub\\Carhub-backend\\vendor\\laravel\\framework\\src\\Illuminate\\Database\\Connection.php(511): Illuminate\\Database\\Connection->getReadPdo()
#8 C:\\Users\\sebas\\OneDrive\\Escritorio\\Personal\\definitivo\\Carhub\\Carhub-backend\\vendor\\laravel\\framework\\src\\Illuminate\\Database\\Connection.php(406): Illuminate\\Database\\Connection->getPdoForSelect(true)
#9 C:\\Users\\sebas\\OneDrive\\Escritorio\\Personal\\definitivo\\Carhub\\Carhub-backend\\vendor\\laravel\\framework\\src\\Illuminate\\Database\\Connection.php(811): Illuminate\\Database\\Connection->Illuminate\\Database\\{closure}('select exists (...', Array)
#10 C:\\Users\\sebas\\OneDrive\\Escritorio\\Personal\\definitivo\\Carhub\\Carhub-backend\\vendor\\laravel\\framework\\src\\Illuminate\\Database\\Connection.php(778): Illuminate\\Database\\Connection->runQueryCallback('select exists (...', Array, Object(Closure))
#11 C:\\Users\\sebas\\OneDrive\\Escritorio\\Personal\\definitivo\\Carhub\\Carhub-backend\\vendor\\laravel\\framework\\src\\Illuminate\\Database\\Connection.php(397): Illuminate\\Database\\Connection->run('select exists (...', Array, Object(Closure))
#12 C:\\Users\\sebas\\OneDrive\\Escritorio\\Personal\\definitivo\\Carhub\\Carhub-backend\\vendor\\laravel\\framework\\src\\Illuminate\\Database\\Connection.php(343): Illuminate\\Database\\Connection->select('select exists (...', Array, true)
#13 C:\\Users\\sebas\\OneDrive\\Escritorio\\Personal\\definitivo\\Carhub\\Carhub-backend\\vendor\\laravel\\framework\\src\\Illuminate\\Database\\Connection.php(360): Illuminate\\Database\\Connection->selectOne('select exists (...', Array, true)
#14 C:\\Users\\sebas\\OneDrive\\Escritorio\\Personal\\definitivo\\Carhub\\Carhub-backend\\vendor\\laravel\\framework\\src\\Illuminate\\Database\\Schema\\Builder.php(174): Illuminate\\Database\\Connection->scalar('select exists (...')
#15 C:\\Users\\sebas\\OneDrive\\Escritorio\\Personal\\definitivo\\Carhub\\Carhub-backend\\vendor\\laravel\\framework\\src\\Illuminate\\Database\\Migrations\\DatabaseMigrationRepository.php(185): Illuminate\\Database\\Schema\\Builder->hasTable('migrations')
#16 C:\\Users\\sebas\\OneDrive\\Escritorio\\Personal\\definitivo\\Carhub\\Carhub-backend\\vendor\\laravel\\framework\\src\\Illuminate\\Database\\Migrations\\Migrator.php(753): Illuminate\\Database\\Migrations\\DatabaseMigrationRepository->repositoryExists()
#17 C:\\Users\\sebas\\OneDrive\\Escritorio\\Personal\\definitivo\\Carhub\\Carhub-backend\\vendor\\laravel\\framework\\src\\Illuminate\\Database\\Console\\Migrations\\MigrateCommand.php(164): Illuminate\\Database\\Migrations\\Migrator->repositoryExists()
#18 C:\\Users\\sebas\\OneDrive\\Escritorio\\Personal\\definitivo\\Carhub\\Carhub-backend\\vendor\\laravel\\framework\\src\\Illuminate\\Support\\helpers.php(329): Illuminate\\Database\\Console\\Migrations\\MigrateCommand->Illuminate\\Database\\Console\\Migrations\\{closure}(1)
#19 C:\\Users\\sebas\\OneDrive\\Escritorio\\Personal\\definitivo\\Carhub\\Carhub-backend\\vendor\\laravel\\framework\\src\\Illuminate\\Database\\Console\\Migrations\\MigrateCommand.php(164): retry(1, Object(Closure), 0, Object(Closure))
#20 C:\\Users\\sebas\\OneDrive\\Escritorio\\Personal\\definitivo\\Carhub\\Carhub-backend\\vendor\\laravel\\framework\\src\\Illuminate\\Database\\Console\\Migrations\\MigrateCommand.php(140): Illuminate\\Database\\Console\\Migrations\\MigrateCommand->repositoryExists()
#21 C:\\Users\\sebas\\OneDrive\\Escritorio\\Personal\\definitivo\\Carhub\\Carhub-backend\\vendor\\laravel\\framework\\src\\Illuminate\\Database\\Console\\Migrations\\MigrateCommand.php(110): Illuminate\\Database\\Console\\Migrations\\MigrateCommand->prepareDatabase()
#22 C:\\Users\\sebas\\OneDrive\\Escritorio\\Personal\\definitivo\\Carhub\\Carhub-backend\\vendor\\laravel\\framework\\src\\Illuminate\\Database\\Migrations\\Migrator.php(666): Illuminate\\Database\\Console\\Migrations\\MigrateCommand->Illuminate\\Database\\Console\\Migrations\\{closure}()
#23 C:\\Users\\sebas\\OneDrive\\Escritorio\\Personal\\definitivo\\Carhub\\Carhub-backend\\vendor\\laravel\\framework\\src\\Illuminate\\Database\\Console\\Migrations\\MigrateCommand.php(109): Illuminate\\Database\\Migrations\\Migrator->usingConnection(NULL, Object(Closure))
#24 C:\\Users\\sebas\\OneDrive\\Escritorio\\Personal\\definitivo\\Carhub\\Carhub-backend\\vendor\\laravel\\framework\\src\\Illuminate\\Database\\Console\\Migrations\\MigrateCommand.php(88): Illuminate\\Database\\Console\\Migrations\\MigrateCommand->runMigrations()
#25 C:\\Users\\sebas\\OneDrive\\Escritorio\\Personal\\definitivo\\Carhub\\Carhub-backend\\vendor\\laravel\\framework\\src\\Illuminate\\Container\\BoundMethod.php(36): Illuminate\\Database\\Console\\Migrations\\MigrateCommand->handle()
#26 C:\\Users\\sebas\\OneDrive\\Escritorio\\Personal\\definitivo\\Carhub\\Carhub-backend\\vendor\\laravel\\framework\\src\\Illuminate\\Container\\Util.php(43): Illuminate\\Container\\BoundMethod::Illuminate\\Container\\{closure}()
#27 C:\\Users\\sebas\\OneDrive\\Escritorio\\Personal\\definitivo\\Carhub\\Carhub-backend\\vendor\\laravel\\framework\\src\\Illuminate\\Container\\BoundMethod.php(96): Illuminate\\Container\\Util::unwrapIfClosure(Object(Closure))
#28 C:\\Users\\sebas\\OneDrive\\Escritorio\\Personal\\definitivo\\Carhub\\Carhub-backend\\vendor\\laravel\\framework\\src\\Illuminate\\Container\\BoundMethod.php(35): Illuminate\\Container\\BoundMethod::callBoundMethod(Object(Illuminate\\Foundation\\Application), Array, Object(Closure))
#29 C:\\Users\\sebas\\OneDrive\\Escritorio\\Personal\\definitivo\\Carhub\\Carhub-backend\\vendor\\laravel\\framework\\src\\Illuminate\\Container\\Container.php(836): Illuminate\\Container\\BoundMethod::call(Object(Illuminate\\Foundation\\Application), Array, Array, NULL)
#30 C:\\Users\\sebas\\OneDrive\\Escritorio\\Personal\\definitivo\\Carhub\\Carhub-backend\\vendor\\laravel\\framework\\src\\Illuminate\\Console\\Command.php(211): Illuminate\\Container\\Container->call(Array)
#31 C:\\Users\\sebas\\OneDrive\\Escritorio\\Personal\\definitivo\\Carhub\\Carhub-backend\\vendor\\symfony\\console\\Command\\Command.php(318): Illuminate\\Console\\Command->execute(Object(Symfony\\Component\\Console\\Input\\ArgvInput), Object(Illuminate\\Console\\OutputStyle))
#32 C:\\Users\\sebas\\OneDrive\\Escritorio\\Personal\\definitivo\\Carhub\\Carhub-backend\\vendor\\laravel\\framework\\src\\Illuminate\\Console\\Command.php(180): Symfony\\Component\\Console\\Command\\Command->run(Object(Symfony\\Component\\Console\\Input\\ArgvInput), Object(Illuminate\\Console\\OutputStyle))
#33 C:\\Users\\sebas\\OneDrive\\Escritorio\\Personal\\definitivo\\Carhub\\Carhub-backend\\vendor\\symfony\\console\\Application.php(1110): Illuminate\\Console\\Command->run(Object(Symfony\\Component\\Console\\Input\\ArgvInput), Object(Symfony\\Component\\Console\\Output\\ConsoleOutput))
#34 C:\\Users\\sebas\\OneDrive\\Escritorio\\Personal\\definitivo\\Carhub\\Carhub-backend\\vendor\\symfony\\console\\Application.php(359): Symfony\\Component\\Console\\Application->doRunCommand(Object(Illuminate\\Database\\Console\\Migrations\\MigrateCommand), Object(Symfony\\Component\\Console\\Input\\ArgvInput), Object(Symfony\\Component\\Console\\Output\\ConsoleOutput))
#35 C:\\Users\\sebas\\OneDrive\\Escritorio\\Personal\\definitivo\\Carhub\\Carhub-backend\\vendor\\symfony\\console\\Application.php(194): Symfony\\Component\\Console\\Application->doRun(Object(Symfony\\Component\\Console\\Input\\ArgvInput), Object(Symfony\\Component\\Console\\Output\\ConsoleOutput))
#36 C:\\Users\\sebas\\OneDrive\\Escritorio\\Personal\\definitivo\\Carhub\\Carhub-backend\\vendor\\laravel\\framework\\src\\Illuminate\\Foundation\\Console\\Kernel.php(197): Symfony\\Component\\Console\\Application->run(Object(Symfony\\Component\\Console\\Input\\ArgvInput), Object(Symfony\\Component\\Console\\Output\\ConsoleOutput))
#37 C:\\Users\\sebas\\OneDrive\\Escritorio\\Personal\\definitivo\\Carhub\\Carhub-backend\\vendor\\laravel\\framework\\src\\Illuminate\\Foundation\\Application.php(1235): Illuminate\\Foundation\\Console\\Kernel->handle(Object(Symfony\\Component\\Console\\Input\\ArgvInput), Object(Symfony\\Component\\Console\\Output\\ConsoleOutput))
#38 C:\\Users\\sebas\\OneDrive\\Escritorio\\Personal\\definitivo\\Carhub\\Carhub-backend\\artisan(16): Illuminate\\Foundation\\Application->handleCommand(Object(Symfony\\Component\\Console\\Input\\ArgvInput))
#39 {main}
"} 
